<?xml version="1.0" encoding="UTF-8"?>
<testng-results skipped="0" failed="0" total="1" passed="1">
  <reporter-output>
  </reporter-output>
  <suite name="Default suite" duration-ms="14341" started-at="2016-11-10T10:16:46Z" finished-at="2016-11-10T10:17:01Z">
    <groups>
    </groups>
    <test name="Default test" duration-ms="14341" started-at="2016-11-10T10:16:46Z" finished-at="2016-11-10T10:17:01Z">
      <class name="home.test.site.TestSite">
        <test-method status="PASS" signature="setUp()[pri:0, instance:home.test.site.TestSite@6276ae34]" name="setUp" is-config="true" duration-ms="3880" started-at="2016-11-10T12:16:46Z" finished-at="2016-11-10T12:16:50Z">
          <reporter-output>
          </reporter-output>
        </test-method> <!-- setUp -->
        <test-method status="PASS" signature="testPage()[pri:0, instance:home.test.site.TestSite@6276ae34]" name="testPage" duration-ms="9894" started-at="2016-11-10T12:16:50Z" finished-at="2016-11-10T12:17:00Z">
          <reporter-output>
          </reporter-output>
        </test-method> <!-- testPage -->
        <test-method status="PASS" signature="cleanUp()[pri:0, instance:home.test.site.TestSite@6276ae34]" name="cleanUp" is-config="true" duration-ms="46" started-at="2016-11-10T12:17:00Z" finished-at="2016-11-10T12:17:00Z">
          <reporter-output>
          </reporter-output>
        </test-method> <!-- cleanUp -->
        <test-method status="PASS" signature="tearDown()[pri:0, instance:home.test.site.TestSite@6276ae34]" name="tearDown" is-config="true" duration-ms="504" started-at="2016-11-10T12:17:00Z" finished-at="2016-11-10T12:17:01Z">
          <reporter-output>
          </reporter-output>
        </test-method> <!-- tearDown -->
      </class> <!-- home.test.site.TestSite -->
    </test> <!-- Default test -->
  </suite> <!-- Default suite -->
</testng-results>
